# JRE version: OpenJDK Runtime Environment GraalVM CE 22.3.0 (17.0.5+8) (build 17.0.5+8-jvmci-22.3-b08)
# Java VM: OpenJDK 64-Bit Server VM GraalVM CE 22.3.0 (17.0.5+8-jvmci-22.3-b08, mixed mode, sharing, tiered, jvmci, jvmci compiler, compressed oops, compressed class ptrs, parallel gc, linux-amd64)
GC Precious Log:
 CPUs: 8 total, 1 available
 Memory: 1024M
 Large Page Support: Disabled
 NUMA Support: Disabled
 Compressed Oops: Enabled (32-bit)
 Alignments: Space 512K, Generation 512K, Heap 2M
 Heap Min Capacity: 100M
 Heap Initial Capacity: 100M
 Heap Max Capacity: 512M
 Pre-touch: Disabled
 Parallel Workers: 1
Heap:
 PSYoungGen      total 32256K, used 19637K [0x00000000f5580000, 0x00000000f9f00000, 0x0000000100000000)
  eden space 11264K, 100% used [0x00000000f5580000,0x00000000f6080000,0x00000000f6080000)
  from space 20992K, 39% used [0x00000000f7f80000,0x00000000f87ad7f8,0x00000000f9400000)
  to   space 31744K, 0% used [0x00000000f6080000,0x00000000f6080000,0x00000000f7f80000)
 ParOldGen       total 349696K, used 349695K [0x00000000e0000000, 0x00000000f5580000, 0x00000000f5580000)
  object space 349696K, 99% used [0x00000000e0000000,0x00000000f557ff18,0x00000000f5580000)
 Metaspace       used 58782K, committed 59648K, reserved 1105920K
  class space    used 5822K, committed 6208K, reserved 1048576K
GC Heap History (20 events):
Event: 1081.589 GC heap before
{Heap before GC invocations=1045 (full 857):
 PSYoungGen      total 32256K, used 19638K [0x00000000f5580000, 0x00000000f9f00000, 0x0000000100000000)
  eden space 11264K, 100% used [0x00000000f5580000,0x00000000f6080000,0x00000000f6080000)
  from space 20992K, 39% used [0x00000000f7f80000,0x00000000f87ad908,0x00000000f9400000)
  to   space 31744K, 0% used [0x00000000f6080000,0x00000000f6080000,0x00000000f7f80000)
 ParOldGen       total 349696K, used 349692K [0x00000000e0000000, 0x00000000f5580000, 0x00000000f5580000)
  object space 349696K, 99% used [0x00000000e0000000,0x00000000f557f118,0x00000000f5580000)
 Metaspace       used 58781K, committed 59648K, reserved 1105920K
  class space    used 5821K, committed 6208K, reserved 1048576K
}
Event: 1082.705 GC heap after
{Heap after GC invocations=1045 (full 857):
 PSYoungGen      total 32256K, used 19638K [0x00000000f5580000, 0x00000000f9f00000, 0x0000000100000000)
  eden space 11264K, 100% used [0x00000000f5580000,0x00000000f6080000,0x00000000f6080000)
  from space 20992K, 39% used [0x00000000f7f80000,0x00000000f87ad908,0x00000000f9400000)
  to   space 31744K, 0% used [0x00000000f6080000,0x00000000f6080000,0x00000000f7f80000)
 ParOldGen       total 349696K, used 349690K [0x00000000e0000000, 0x00000000f5580000, 0x00000000f5580000)
  object space 349696K, 99% used [0x00000000e0000000,0x00000000f557eb50,0x00000000f5580000)
 Metaspace       used 58781K, committed 59648K, reserved 1105920K
  class space    used 5821K, committed 6208K, reserved 1048576K
}
Event: 1082.748 GC heap before
{Heap before GC invocations=1046 (full 858):
 PSYoungGen      total 32256K, used 19638K [0x00000000f5580000, 0x00000000f9f00000, 0x0000000100000000)
  eden space 11264K, 100% used [0x00000000f5580000,0x00000000f6080000,0x00000000f6080000)
  from space 20992K, 39% used [0x00000000f7f80000,0x00000000f87ad908,0x00000000f9400000)
  to   space 31744K, 0% used [0x00000000f6080000,0x00000000f6080000,0x00000000f7f80000)
 ParOldGen       total 349696K, used 349692K [0x00000000e0000000, 0x00000000f5580000, 0x00000000f5580000)
  object space 349696K, 99% used [0x00000000e0000000,0x00000000f557f3f8,0x00000000f5580000)
 Metaspace       used 58781K, committed 59648K, reserved 1105920K
  class space    used 5821K, committed 6208K, reserved 1048576K
}
Event: 1083.964 GC heap after
{Heap after GC invocations=1046 (full 858):
 PSYoungGen      total 32256K, used 19638K [0x00000000f5580000, 0x00000000f9f00000, 0x0000000100000000)
  eden space 11264K, 100% used [0x00000000f5580000,0x00000000f6080000,0x00000000f6080000)
  from space 20992K, 39% used [0x00000000f7f80000,0x00000000f87ad908,0x00000000f9400000)
  to   space 31744K, 0% used [0x00000000f6080000,0x00000000f6080000,0x00000000f7f80000)
 ParOldGen       total 349696K, used 349691K [0x00000000e0000000, 0x00000000f5580000, 0x00000000f5580000)
  object space 349696K, 99% used [0x00000000e0000000,0x00000000f557ee90,0x00000000f5580000)
 Metaspace       used 58781K, committed 59648K, reserved 1105920K
  class space    used 5821K, committed 6208K, reserved 1048576K
}
Event: 1083.964 GC heap before
{Heap before GC invocations=1047 (full 859):
 PSYoungGen      total 32256K, used 19638K [0x00000000f5580000, 0x00000000f9f00000, 0x0000000100000000)
  eden space 11264K, 100% used [0x00000000f5580000,0x00000000f6080000,0x00000000f6080000)
  from space 20992K, 39% used [0x00000000f7f80000,0x00000000f87ad908,0x00000000f9400000)
  to   space 31744K, 0% used [0x00000000f6080000,0x00000000f6080000,0x00000000f7f80000)
 ParOldGen       total 349696K, used 349693K [0x00000000e0000000, 0x00000000f5580000, 0x00000000f5580000)
  object space 349696K, 99% used [0x00000000e0000000,0x00000000f557f680,0x00000000f5580000)
 Metaspace       used 58781K, committed 59648K, reserved 1105920K
  class space    used 5821K, committed 6208K, reserved 1048576K
}
Event: 1085.078 GC heap after
{Heap after GC invocations=1047 (full 859):
 PSYoungGen      total 32256K, used 19638K [0x00000000f5580000, 0x00000000f9f00000, 0x0000000100000000)
  eden space 11264K, 100% used [0x00000000f5580000,0x00000000f6080000,0x00000000f6080000)
  from space 20992K, 39% used [0x00000000f7f80000,0x00000000f87ad908,0x00000000f9400000)
  to   space 31744K, 0% used [0x00000000f6080000,0x00000000f6080000,0x00000000f7f80000)
 ParOldGen       total 349696K, used 349693K [0x00000000e0000000, 0x00000000f5580000, 0x00000000f5580000)
  object space 349696K, 99% used [0x00000000e0000000,0x00000000f557f540,0x00000000f5580000)
 Metaspace       used 58781K, committed 59648K, reserved 1105920K
  class space    used 5821K, committed 6208K, reserved 1048576K
}
Event: 1085.078 GC heap before
{Heap before GC invocations=1048 (full 860):
 PSYoungGen      total 32256K, used 19638K [0x00000000f5580000, 0x00000000f9f00000, 0x0000000100000000)
  eden space 11264K, 100% used [0x00000000f5580000,0x00000000f6080000,0x00000000f6080000)
  from space 20992K, 39% used [0x00000000f7f80000,0x00000000f87ad908,0x00000000f9400000)
  to   space 31744K, 0% used [0x00000000f6080000,0x00000000f6080000,0x00000000f7f80000)
 ParOldGen       total 349696K, used 349695K [0x00000000e0000000, 0x00000000f5580000, 0x00000000f5580000)
  object space 349696K, 99% used [0x00000000e0000000,0x00000000f557fcf8,0x00000000f5580000)
 Metaspace       used 58781K, committed 59648K, reserved 1105920K
  class space    used 5821K, committed 6208K, reserved 1048576K
}
Event: 1086.347 GC heap after
{Heap after GC invocations=1048 (full 860):
 PSYoungGen      total 32256K, used 19638K [0x00000000f5580000, 0x00000000f9f00000, 0x0000000100000000)
  eden space 11264K, 99% used [0x00000000f5580000,0x00000000f607fff0,0x00000000f6080000)
  from space 20992K, 39% used [0x00000000f7f80000,0x00000000f87ad908,0x00000000f9400000)
  to   space 31744K, 0% used [0x00000000f6080000,0x00000000f6080000,0x00000000f7f80000)
 ParOldGen       total 349696K, used 349694K [0x00000000e0000000, 0x00000000f5580000, 0x00000000f5580000)
  object space 349696K, 99% used [0x00000000e0000000,0x00000000f557f8b8,0x00000000f5580000)
 Metaspace       used 58781K, committed 59648K, reserved 1105920K
  class space    used 5821K, committed 6208K, reserved 1048576K
}
Event: 1086.348 GC heap before
{Heap before GC invocations=1049 (full 861):
 PSYoungGen      total 32256K, used 19638K [0x00000000f5580000, 0x00000000f9f00000, 0x0000000100000000)
  eden space 11264K, 100% used [0x00000000f5580000,0x00000000f6080000,0x00000000f6080000)
  from space 20992K, 39% used [0x00000000f7f80000,0x00000000f87ad908,0x00000000f9400000)
  to   space 31744K, 0% used [0x00000000f6080000,0x00000000f6080000,0x00000000f7f80000)
 ParOldGen       total 349696K, used 349695K [0x00000000e0000000, 0x00000000f5580000, 0x00000000f5580000)
  object space 349696K, 99% used [0x00000000e0000000,0x00000000f557fff8,0x00000000f5580000)
 Metaspace       used 58781K, committed 59648K, reserved 1105920K
  class space    used 5821K, committed 6208K, reserved 1048576K
}
Event: 1087.574 GC heap after
{Heap after GC invocations=1049 (full 861):
 PSYoungGen      total 32256K, used 19637K [0x00000000f5580000, 0x00000000f9f00000, 0x0000000100000000)
  eden space 11264K, 99% used [0x00000000f5580000,0x00000000f607fff0,0x00000000f6080000)
  from space 20992K, 39% used [0x00000000f7f80000,0x00000000f87ad7f8,0x00000000f9400000)
  to   space 31744K, 0% used [0x00000000f6080000,0x00000000f6080000,0x00000000f7f80000)
 ParOldGen       total 349696K, used 349695K [0x00000000e0000000, 0x00000000f5580000, 0x00000000f5580000)
  object space 349696K, 99% used [0x00000000e0000000,0x00000000f557fc80,0x00000000f5580000)
 Metaspace       used 58781K, committed 59648K, reserved 1105920K
  class space    used 5821K, committed 6208K, reserved 1048576K
}
Event: 1087.575 GC heap before
{Heap before GC invocations=1050 (full 862):
 PSYoungGen      total 32256K, used 19637K [0x00000000f5580000, 0x00000000f9f00000, 0x0000000100000000)
  eden space 11264K, 100% used [0x00000000f5580000,0x00000000f6080000,0x00000000f6080000)
  from space 20992K, 39% used [0x00000000f7f80000,0x00000000f87ad7f8,0x00000000f9400000)
  to   space 31744K, 0% used [0x00000000f6080000,0x00000000f6080000,0x00000000f7f80000)
 ParOldGen       total 349696K, used 349695K [0x00000000e0000000, 0x00000000f5580000, 0x00000000f5580000)
  object space 349696K, 99% used [0x00000000e0000000,0x00000000f557fff8,0x00000000f5580000)
 Metaspace       used 58781K, committed 59648K, reserved 1105920K
  class space    used 5821K, committed 6208K, reserved 1048576K
}
Event: 1088.746 GC heap after
{Heap after GC invocations=1050 (full 862):
 PSYoungGen      total 32256K, used 19637K [0x00000000f5580000, 0x00000000f9f00000, 0x0000000100000000)
  eden space 11264K, 100% used [0x00000000f5580000,0x00000000f6080000,0x00000000f6080000)
  from space 20992K, 39% used [0x00000000f7f80000,0x00000000f87ad7f8,0x00000000f9400000)
  to   space 31744K, 0% used [0x00000000f6080000,0x00000000f6080000,0x00000000f7f80000)
 ParOldGen       total 349696K, used 349695K [0x00000000e0000000, 0x00000000f5580000, 0x00000000f5580000)
  object space 349696K, 99% used [0x00000000e0000000,0x00000000f557fd80,0x00000000f5580000)
 Metaspace       used 58781K, committed 59648K, reserved 1105920K
  class space    used 5821K, committed 6208K, reserved 1048576K
}
Event: 1088.747 GC heap before
{Heap before GC invocations=1051 (full 863):
 PSYoungGen      total 32256K, used 19637K [0x00000000f5580000, 0x00000000f9f00000, 0x0000000100000000)
  eden space 11264K, 100% used [0x00000000f5580000,0x00000000f6080000,0x00000000f6080000)
  from space 20992K, 39% used [0x00000000f7f80000,0x00000000f87ad7f8,0x00000000f9400000)
  to   space 31744K, 0% used [0x00000000f6080000,0x00000000f6080000,0x00000000f7f80000)
 ParOldGen       total 349696K, used 349695K [0x00000000e0000000, 0x00000000f5580000, 0x00000000f5580000)
  object space 349696K, 99% used [0x00000000e0000000,0x00000000f557fe08,0x00000000f5580000)
 Metaspace       used 58781K, committed 59648K, reserved 1105920K
  class space    used 5821K, committed 6208K, reserved 1048576K
}
Event: 1089.773 GC heap after
{Heap after GC invocations=1051 (full 863):
 PSYoungGen      total 32256K, used 19637K [0x00000000f5580000, 0x00000000f9f00000, 0x0000000100000000)
  eden space 11264K, 100% used [0x00000000f5580000,0x00000000f6080000,0x00000000f6080000)
  from space 20992K, 39% used [0x00000000f7f80000,0x00000000f87ad7f8,0x00000000f9400000)
  to   space 31744K, 0% used [0x00000000f6080000,0x00000000f6080000,0x00000000f7f80000)
 ParOldGen       total 349696K, used 349695K [0x00000000e0000000, 0x00000000f5580000, 0x00000000f5580000)
  object space 349696K, 99% used [0x00000000e0000000,0x00000000f557fd78,0x00000000f5580000)
 Metaspace       used 58781K, committed 59648K, reserved 1105920K
  class space    used 5821K, committed 6208K, reserved 1048576K
}
Event: 1089.773 GC heap before
{Heap before GC invocations=1052 (full 864):
 PSYoungGen      total 32256K, used 19637K [0x00000000f5580000, 0x00000000f9f00000, 0x0000000100000000)
  eden space 11264K, 100% used [0x00000000f5580000,0x00000000f6080000,0x00000000f6080000)
  from space 20992K, 39% used [0x00000000f7f80000,0x00000000f87ad7f8,0x00000000f9400000)
  to   space 31744K, 0% used [0x00000000f6080000,0x00000000f6080000,0x00000000f7f80000)
 ParOldGen       total 349696K, used 349695K [0x00000000e0000000, 0x00000000f5580000, 0x00000000f5580000)
  object space 349696K, 99% used [0x00000000e0000000,0x00000000f557fff8,0x00000000f5580000)
 Metaspace       used 58782K, committed 59648K, reserved 1105920K
  class space    used 5822K, committed 6208K, reserved 1048576K
}
Event: 1090.954 GC heap after
{Heap after GC invocations=1052 (full 864):
 PSYoungGen      total 32256K, used 19637K [0x00000000f5580000, 0x00000000f9f00000, 0x0000000100000000)
  eden space 11264K, 100% used [0x00000000f5580000,0x00000000f6080000,0x00000000f6080000)
  from space 20992K, 39% used [0x00000000f7f80000,0x00000000f87ad7f8,0x00000000f9400000)
  to   space 31744K, 0% used [0x00000000f6080000,0x00000000f6080000,0x00000000f7f80000)
 ParOldGen       total 349696K, used 349695K [0x00000000e0000000, 0x00000000f5580000, 0x00000000f5580000)
  object space 349696K, 99% used [0x00000000e0000000,0x00000000f557fe08,0x00000000f5580000)
 Metaspace       used 58782K, committed 59648K, reserved 1105920K
  class space    used 5822K, committed 6208K, reserved 1048576K
}
Event: 1090.954 GC heap before
{Heap before GC invocations=1053 (full 865):
 PSYoungGen      total 32256K, used 19637K [0x00000000f5580000, 0x00000000f9f00000, 0x0000000100000000)
  eden space 11264K, 100% used [0x00000000f5580000,0x00000000f6080000,0x00000000f6080000)
  from space 20992K, 39% used [0x00000000f7f80000,0x00000000f87ad7f8,0x00000000f9400000)
  to   space 31744K, 0% used [0x00000000f6080000,0x00000000f6080000,0x00000000f7f80000)
 ParOldGen       total 349696K, used 349695K [0x00000000e0000000, 0x00000000f5580000, 0x00000000f5580000)
  object space 349696K, 99% used [0x00000000e0000000,0x00000000f557ff60,0x00000000f5580000)
 Metaspace       used 58782K, committed 59648K, reserved 1105920K
  class space    used 5822K, committed 6208K, reserved 1048576K
}
Event: 1092.078 GC heap after
{Heap after GC invocations=1053 (full 865):
 PSYoungGen      total 32256K, used 19637K [0x00000000f5580000, 0x00000000f9f00000, 0x0000000100000000)
  eden space 11264K, 100% used [0x00000000f5580000,0x00000000f6080000,0x00000000f6080000)
  from space 20992K, 39% used [0x00000000f7f80000,0x00000000f87ad7f8,0x00000000f9400000)
  to   space 31744K, 0% used [0x00000000f6080000,0x00000000f6080000,0x00000000f7f80000)
 ParOldGen       total 349696K, used 349695K [0x00000000e0000000, 0x00000000f5580000, 0x00000000f5580000)
  object space 349696K, 99% used [0x00000000e0000000,0x00000000f557fe00,0x00000000f5580000)
 Metaspace       used 58782K, committed 59648K, reserved 1105920K
  class space    used 5822K, committed 6208K, reserved 1048576K
}
Event: 1092.078 GC heap before
{Heap before GC invocations=1054 (full 866):
 PSYoungGen      total 32256K, used 19637K [0x00000000f5580000, 0x00000000f9f00000, 0x0000000100000000)
  eden space 11264K, 100% used [0x00000000f5580000,0x00000000f6080000,0x00000000f6080000)
  from space 20992K, 39% used [0x00000000f7f80000,0x00000000f87ad7f8,0x00000000f9400000)
  to   space 31744K, 0% used [0x00000000f6080000,0x00000000f6080000,0x00000000f7f80000)
 ParOldGen       total 349696K, used 349695K [0x00000000e0000000, 0x00000000f5580000, 0x00000000f5580000)
  object space 349696K, 99% used [0x00000000e0000000,0x00000000f557fe00,0x00000000f5580000)
 Metaspace       used 58782K, committed 59648K, reserved 1105920K
  class space    used 5822K, committed 6208K, reserved 1048576K
}
Event: 1093.358 GC heap after
{Heap after GC invocations=1054 (full 866):
 PSYoungGen      total 32256K, used 19637K [0x00000000f5580000, 0x00000000f9f00000, 0x0000000100000000)
  eden space 11264K, 100% used [0x00000000f5580000,0x00000000f6080000,0x00000000f6080000)
  from space 20992K, 39% used [0x00000000f7f80000,0x00000000f87ad7f8,0x00000000f9400000)
  to   space 31744K, 0% used [0x00000000f6080000,0x00000000f6080000,0x00000000f7f80000)
 ParOldGen       total 349696K, used 349695K [0x00000000e0000000, 0x00000000f5580000, 0x00000000f5580000)
  object space 349696K, 99% used [0x00000000e0000000,0x00000000f557fe00,0x00000000f5580000)
 Metaspace       used 58782K, committed 59648K, reserved 1105920K
  class space    used 5822K, committed 6208K, reserved 1048576K
}

